c:\noengine\noenginehere\noenginehere\debug\vc141.pdb
c:\noengine\noenginehere\noenginehere\debug\vc141.idb
c:\noengine\noenginehere\noenginehere\debug\vertexarray.obj
c:\noengine\noenginehere\noenginehere\debug\vertexbuffer.obj
c:\noengine\noenginehere\noenginehere\debug\triangle.obj
c:\noengine\noenginehere\noenginehere\debug\shaperenderer.obj
c:\noengine\noenginehere\noenginehere\debug\shader.obj
c:\noengine\noenginehere\noenginehere\debug\rectangle.obj
c:\noengine\noenginehere\noenginehere\debug\indexbuffer.obj
c:\noengine\noenginehere\noenginehere\debug\perspectivecamera.obj
c:\noengine\noenginehere\noenginehere\debug\main.obj
c:\noengine\noenginehere\noenginehere\debug\renderer.obj
c:\noengine\noenginehere\noenginehere\debug\imgui_widgets.obj
c:\noengine\noenginehere\noenginehere\debug\imgui_draw.obj
c:\noengine\noenginehere\noenginehere\debug\imgui_demo.obj
c:\noengine\noenginehere\noenginehere\debug\imgui.obj
c:\noengine\noenginehere\noenginehere\debug\imgui_impl_glfw.obj
c:\noengine\noenginehere\noenginehere\debug\imgui_impl_opengl3.obj
c:\noengine\noenginehere\noenginehere\debug\editor.obj
c:\noengine\noenginehere\noenginehere\debug\scenemanager.obj
c:\noengine\noenginehere\debug\noenginehere.exe
c:\noengine\noenginehere\debug\noenginehere.ilk
c:\noengine\noenginehere\debug\noenginehere.pdb
c:\noengine\noenginehere\noenginehere\debug\noenginehere.tlog\cl.command.1.tlog
c:\noengine\noenginehere\noenginehere\debug\noenginehere.tlog\cl.read.1.tlog
c:\noengine\noenginehere\noenginehere\debug\noenginehere.tlog\cl.write.1.tlog
c:\noengine\noenginehere\noenginehere\debug\noenginehere.tlog\link.command.1.tlog
c:\noengine\noenginehere\noenginehere\debug\noenginehere.tlog\link.read.1.tlog
c:\noengine\noenginehere\noenginehere\debug\noenginehere.tlog\link.write.1.tlog
